Arguments: 
  /Users/paulinachmielewska/n/bin/node /Users/paulinachmielewska/.yarn/bin/yarn.js start

PATH: 
  /Users/paulinachmielewska/.yarn/bin:/Users/paulinachmielewska/.config/yarn/global/node_modules/.bin:/usr/local/bin:/usr/bin:/bin:/usr/sbin:/sbin:/Users/paulinachmielewska/.yarn/bin:/Users/paulinachmielewska/.config/yarn/global/node_modules/.bin:/Users/paulinachmielewska/n/bin

Yarn version: 
  1.5.1

Node version: 
  8.9.3

Platform: 
  darwin x64

npm manifest: 
  {
    "name": "react-app",
    "version": "1.0.0",
    "description": "my starter",
    "main": "index.js",
    "scripts": {
      "test": "echo \"Error: no test specified\" && exit 1"
    },
    "author": "paulina",
    "license": "ISC",
    "devDependencies": {
      "webpack": "^4.4.1",
      "webpack-cli": "^2.0.13"
    }
  }

yarn manifest: 
  No manifest

Lockfile: 
  No lockfile

Trace: 
  Error: Command "start" not found.
      at new MessageError (/Users/paulinachmielewska/.yarn/lib/cli.js:186:110)
      at /Users/paulinachmielewska/.yarn/lib/cli.js:87307:17
      at Generator.next (<anonymous>)
      at step (/Users/paulinachmielewska/.yarn/lib/cli.js:98:30)
      at /Users/paulinachmielewska/.yarn/lib/cli.js:116:14
      at new Promise (<anonymous>)
      at new F (/Users/paulinachmielewska/.yarn/lib/cli.js:23451:28)
      at /Users/paulinachmielewska/.yarn/lib/cli.js:95:12
      at runCommand (/Users/paulinachmielewska/.yarn/lib/cli.js:87312:22)
      at Object.<anonymous> (/Users/paulinachmielewska/.yarn/lib/cli.js:87412:14)
